c:\users\roanb\source\repos\black-vulkanic-hole\black-vulkanic-hole\x64\debug\vc145.pdb
c:\users\roanb\source\repos\black-vulkanic-hole\black-vulkanic-hole\x64\debug\vc145.idb
c:\users\roanb\source\repos\black-vulkanic-hole\black-vulkanic-hole\x64\debug\main.obj
c:\users\roanb\source\repos\black-vulkanic-hole\black-vulkanic-hole\x64\debug\window.obj
c:\users\roanb\source\repos\black-vulkanic-hole\black-vulkanic-hole\x64\debug\util.obj
c:\users\roanb\source\repos\black-vulkanic-hole\black-vulkanic-hole\x64\debug\pipeline.obj
c:\users\roanb\source\repos\black-vulkanic-hole\black-vulkanic-hole\x64\debug\device.obj
c:\users\roanb\source\repos\black-vulkanic-hole\black-vulkanic-hole\x64\debug\firstapp.obj
c:\users\roanb\source\repos\black-vulkanic-hole\x64\debug\black-vulkanic-hole.pdb
c:\users\roanb\source\repos\black-vulkanic-hole\black-vulkanic-hole\x64\debug\black-vu.3aa6af91.tlog\cl.command.1.tlog
c:\users\roanb\source\repos\black-vulkanic-hole\black-vulkanic-hole\x64\debug\black-vu.3aa6af91.tlog\cl.read.1.tlog
c:\users\roanb\source\repos\black-vulkanic-hole\black-vulkanic-hole\x64\debug\black-vu.3aa6af91.tlog\cl.write.1.tlog
c:\users\roanb\source\repos\black-vulkanic-hole\black-vulkanic-hole\x64\debug\black-vu.3aa6af91.tlog\link-cvtres.read.1.tlog
c:\users\roanb\source\repos\black-vulkanic-hole\black-vulkanic-hole\x64\debug\black-vu.3aa6af91.tlog\link-cvtres.write.1.tlog
c:\users\roanb\source\repos\black-vulkanic-hole\black-vulkanic-hole\x64\debug\black-vu.3aa6af91.tlog\link-rc.read.1.tlog
c:\users\roanb\source\repos\black-vulkanic-hole\black-vulkanic-hole\x64\debug\black-vu.3aa6af91.tlog\link-rc.write.1.tlog
c:\users\roanb\source\repos\black-vulkanic-hole\black-vulkanic-hole\x64\debug\black-vu.3aa6af91.tlog\link.command.1.tlog
c:\users\roanb\source\repos\black-vulkanic-hole\black-vulkanic-hole\x64\debug\black-vu.3aa6af91.tlog\link.read.1.tlog
c:\users\roanb\source\repos\black-vulkanic-hole\black-vulkanic-hole\x64\debug\black-vu.3aa6af91.tlog\link.read.2.tlog
c:\users\roanb\source\repos\black-vulkanic-hole\black-vulkanic-hole\x64\debug\black-vu.3aa6af91.tlog\link.write.1.tlog
